<?xml version="1.0" encoding="UTF-8" standalone="yes" ?>
<test-results name="C:\Users\adnrek\source\Emetra\Command\Test\TestClassLinkClassifier.exe" total="12" errors="0" failures="1" ignored="0" inconclusive="0" not-run="0" skipped="0" invalid="0" date="2020-04-12" time="0.058">
  <culture-info current-culture="en" current-uiculture="en" />
  <test-suite type="Assembly" name="TestClassLinkClassifier.exe" executed="true" result="Failure" success="False" time="0.058" asserts="0">
    <results>
        <test-suite type="Namespace" name="TestCaseLinkClassifier" executed="true" result="Failure" success="False" time="0.057" asserts="0" >
          <results>
              <test-suite type="Fixture" name="TTestClassLinkParser" executed="True" result="Failure" success="False" time="0.057" >
                <results>
                  <test-case name="TestIsLink.https with slash" executed="True" result="Success" success="True" time="0.000" asserts="0" />
                  <test-case name="TestIsLink.http with slash" executed="True" result="Success" success="True" time="0.000" asserts="0" />
                  <test-case name="TestIsLink.https without slash" executed="True" result="Success" success="True" time="0.000" asserts="0" />
                  <test-case name="TestIsLink.http without slash" executed="True" result="Success" success="True" time="0.000" asserts="0" />
                  <test-case name="TestIsLink.https short" executed="True" result="Success" success="True" time="0.000" asserts="0" />
                  <test-case name="TestIsLink.http short" executed="True" result="Success" success="True" time="0.000" asserts="0" />
                  <test-case name="TestIsLink.https shortest" executed="True" result="Success" success="True" time="0.000" asserts="0" />
                  <test-case name="TestIsLink.http shortest" executed="True" result="Success" success="True" time="0.000" asserts="0" />
                  <test-case name="TestIsApplicationCommand.AddForm" executed="True" result="Success" success="True" time="0.000" asserts="0" />
                  <test-case name="TestIsApplicationCommand.ActiveCase" executed="True" result="Success" success="True" time="0.000" asserts="0" />
                  <test-case name="TestIsApplicationCommand.AlertSnooze" executed="True" result="Success" success="True" time="0.000" asserts="0" />
                  <test-case name="TestIsPdfFile.GBD Pdf" executed="True" result="Failure" success="False" time="0.046" asserts="0" >
                    <failure>
                      <message>
                        <![CDATA[ Expected 0 is not equal to actual 4 This link should be classified as a PDF file, opens in custom viewer. ]]>
                      </message>
                      <stack-trace>
                        <![CDATA[  ]]>
                      </stack-trace>
                    </failure>
                  </test-case>
                </results>
              </test-suite>
          </results>
        </test-suite>
    </results>
  </test-suite>
</test-results>
